<?xml version="1.0" encoding="UTF-8"?>
<testsuite xmlns:xsi="http://www.w3.org/2001/XMLSchema-instance" xsi:noNamespaceSchemaLocation="https://maven.apache.org/surefire/maven-surefire-plugin/xsd/surefire-test-report.xsd" name="org.frosales.junit5app.ejemplos.models.CuentaTest" time="0.116" tests="5" errors="0" skipped="0" failures="0">
  <properties>
[...]
</properties>
  <testcase name="testDineroInsuficienteExceptionCuenta" classname="org.frosales.junit5app.ejemplos.models.CuentaTest" time="0.053"/>
  <testcase name="testRelacionBancoCuentas" classname="org.frosales.junit5app.ejemplos.models.CuentaTest" time="0.008"/>
  <testcase name="testCreditoCuenta" classname="org.frosales.junit5app.ejemplos.models.CuentaTest$CuentaOperacionestest" time="0.003"/>
  <testcase name="testDebitoCuenta" classname="org.frosales.junit5app.ejemplos.models.CuentaTest$CuentaOperacionestest" time="0.001"/>
  <testcase name="testTransferirDineroCuenta" classname="org.frosales.junit5app.ejemplos.models.CuentaTest$CuentaOperacionestest" time="0.001"/>
</testsuite>